Arguments: 
  /Users/jianglong/.nvm/versions/node/v12.0.0/bin/node /Users/jianglong/.nvm/versions/node/v12.0.0/bin/yarn add global nrm

PATH: 
  /Users/jianglong/Documents/software/android/flutter/bin:/Users/jianglong/Documents/software/flutter/bin:/Users/jianglong/.nvm/versions/node/v12.0.0/bin:/Users/jianglong/anaconda3/bin:/Users/jianglong/bin:/usr/local/bin:/usr/local/opt/ncurses/bin:/Library/Frameworks/Python.framework/Versions/2.7/bin:/usr/local/bin:/usr/bin:/bin:/usr/sbin:/sbin:/Library/Apple/usr/bin:/usr/local/mysql/bin:/Users/jianglong/Documents/software/android/sdk/tools:/Users/jianglong/Documents/software/android/sdk/platform-tools

Yarn version: 
  1.22.4

Node version: 
  12.0.0

Platform: 
  darwin x64

Trace: 
  Error: http://npm.ztosys.com/global: ETIMEDOUT
      at Timeout._onTimeout (/Users/jianglong/.nvm/versions/node/v12.0.0/lib/node_modules/yarn/lib/cli.js:141408:19)
      at listOnTimeout (internal/timers.js:531:17)
      at processTimers (internal/timers.js:475:7)

npm manifest: 
  {
    "name": "zs",
    "version": "1.0.0",
    "description": "",
    "main": "index.js",
    "scripts": {
      "start":"sass --watch ./sass:./css"
    },
    "author": "",
    "license": "ISC"
  }

yarn manifest: 
  No manifest

Lockfile: 
  No lockfile
